<?xml version="1.0" encoding="UTF-8"?>
<!-- Generated by org.testng.reporters.JUnitReportReporter -->
<testsuite hostname="SIGU-DL-19-N-07" failures="0" tests="1" name="testclasses.ReadLatestDownloadedFileTest" time="3.362" errors="0" timestamp="2023-09-19T13:26:04 IST" skipped="0">
  <testcase classname="testclasses.ReadLatestDownloadedFileTest" name="readFile" time="3.362"/>
  <system-out/>
</testsuite> <!-- testclasses.ReadLatestDownloadedFileTest -->
