<?xml version="1.0" encoding="UTF-8"?>
<!-- Generated by org.testng.reporters.JUnitReportReporter -->
<testsuite hostname="SIGU-DL-19-N-07" failures="0" tests="1" name="testclasses.ReadEmailTest" time="26.182" errors="0" timestamp="2023-10-14T21:48:30 IST" skipped="0">
  <testcase classname="testclasses.ReadEmailTest" name="readEmail" time="26.182"/>
  <system-out/>
</testsuite> <!-- testclasses.ReadEmailTest -->
